Arguments: 
  C:\Program Files\nodejs\node.exe C:\Program Files (x86)\Yarn\bin\yarn.js init

PATH: 
  C:\Users\Gerby\bin;C:\Program Files\Git\mingw64\bin;C:\Program Files\Git\usr\local\bin;C:\Program Files\Git\usr\bin;C:\Program Files\Git\usr\bin;C:\Program Files\Git\mingw64\bin;C:\Program Files\Git\usr\bin;C:\Users\Gerby\bin;C:\ProgramData\Oracle\Java\javapath;C:\Program Files (x86)\Intel\TXE Components\TCS;C:\Program Files\Intel\TXE Components\TCS;C:\WINDOWS\system32;C:\WINDOWS;C:\WINDOWS\System32\Wbem;C:\WINDOWS\System32\WindowsPowerShell\v1.0;C:\xampp\php;C:\ProgramData\ComposerSetup\bin;C:\phalcon-devtools;C:\Users\Gerby\AppData\Roaming\Composer\vendor\bin;C:\sqlite;C:\curl;C:\xampp;C:\sublime;C:\Program Files\Git\cmd;C:\HashiCorp\Vagrant\bin;C:\Program Files\nodejs;C:\Program Files\PuTTY;C:\Program Files (x86)\Skype\Phone;C:\Program Files\MongoDB\Server\3.4\bin;C:\ProgramData\chocolatey\bin;C:\Program Files\nodejs;C:\Program Files (x86)\Yarn\bin;C:\Users\Gerby\AppData\Local\Microsoft\WindowsApps;C:\Users\Gerby\AppData\Roaming\npm;C:\Users\Gerby\AppData\Local\Yarn\bin;C:\Program Files\Git\usr\bin\vendor_perl;C:\Program Files\Git\usr\bin\core_perl

Yarn version: 
  0.27.5

Node version: 
  8.2.1

Platform: 
  win32 x64

npm manifest: 
  No manifest

yarn manifest: 
  No manifest

Lockfile: 
  # THIS IS AN AUTOGENERATED FILE. DO NOT EDIT THIS FILE DIRECTLY.
  # yarn lockfile v1

Trace: 
  Error: Can't answer a question unless a user TTY
      at ConsoleReporter.question (C:\Program Files (x86)\Yarn\lib\yarn-cli.js:81327:59)
      at Object.<anonymous> (C:\Program Files (x86)\Yarn\lib\yarn-cli.js:76832:38)
      at Generator.next (<anonymous>)
      at step (C:\Program Files (x86)\Yarn\lib\yarn-cli.js:91:30)
      at C:\Program Files (x86)\Yarn\lib\yarn-cli.js:102:13
      at <anonymous>
      at process._tickCallback (internal/process/next_tick.js:188:7)
